<?xml version="1.0" encoding="UTF-8"?><testsuite errors="3" failures="0" name="org.icrc.fadapplic.IRIS.FAD.AccountsPayable.ReviewAPEntries" skipped="0" tests="16" time="2902.48" timestamp="2022-12-23 06:18:10"><testcase classname="org.icrc.fadapplic.IRIS.FAD.AccountsPayable.ReviewAPEntries" name="Edit voucher entries delete a line"><error message="Expected condition failed: waiting for visibility of all elements located by By.xpath:  .//div[contains(@class, 'form-item')][span[text()='Supplier']]//div[contains(@class, 'Select-option')] | .//div[contains(@class, 'form-item')][span[contains(text(), 'Supplier')]]//div[contains(@class, 'Select-option')] (tried for 120 second(s) with 100 milliseconds interval)&#10;Build info: version: '3.141.59', revision: 'e82be7d358', time: '2018-11-14T08:17:03'&#10;System info: host: 'PCS13345', ip: '192.168.18.227', os.name: 'Windows 10', os.arch: 'amd64', os.version: '10.0', java.version: '1.8.0_291'&#10;Driver info: net.thucydides.core.webdriver.WebDriverFacade" type="org.openqa.selenium.TimeoutException">Expected condition failed: waiting for visibility of all elements located by By.xpath:  .//div[contains(@class, 'form-item')][span[text()='Supplier']]//div[contains(@class, 'Select-option')] | .//div[contains(@class, 'form-item')][span[contains(text(), 'Supplier')]]//div[contains(@class, 'Select-option')] (tried for 120 second(s) with 100 milliseconds interval)
Build info: version: '3.141.59', revision: 'e82be7d358', time: '2018-11-14T08:17:03'
System info: host: 'PCS13345', ip: '192.168.18.227', os.name: 'Windows 10', os.arch: 'amd64', os.version: '10.0', java.version: '1.8.0_291'
Driver info: net.thucydides.core.webdriver.WebDriverFacade</error><system-err>Expected condition failed: waiting for visibility of all elements located by By.xpath:  .//div[contains(@class, 'form-item')][span[text()='Supplier']]//div[contains(@class, 'Select-option')] | .//div[contains(@class, 'form-item')][span[contains(text(), 'Supplier')]]//div[contains(@class, 'Select-option')] (tried for 120 second(s) with 100 milliseconds interval)
Build info: version: '3.141.59', revision: 'e82be7d358', time: '2018-11-14T08:17:03'
System info: host: 'PCS13345', ip: '192.168.18.227', os.name: 'Windows 10', os.arch: 'amd64', os.version: '10.0', java.version: '1.8.0_291'
Driver info: net.thucydides.core.webdriver.WebDriverFacade&#13;
utils.ExplicitWait.explicitlyWaitForVisibilityOfAllElements(ExplicitWait.java:94)&#13;
pageobjects.IRIS.FAD.FADGenericPage.selectDropdownOption(FADGenericPage.java:81)&#13;
pageobjects.IRIS.FAD.FADGenericPage.selectDropdownOption(FADGenericPage.java:117)&#13;
pageobjects.IRIS.FAD.FADGenericPage.typeAndSelectLabeledDropdownOption(FADGenericPage.java:201)&#13;
pageobjects.IRIS.FAD.VoucherEntryPage.setSupplier(VoucherEntryPage.java:15)&#13;
steps.IRIS.FAD.VoucherEntrySteps.when_I_select_the_supplier(VoucherEntrySteps.java:38)&#13;
org.icrc.fadapplic.IRIS.FAD.AccountsPayable.ReviewAPEntries.editVoucherEntriesDeleteALine(ReviewAPEntries.java:414)&#13;
</system-err></testcase><testcase classname="org.icrc.fadapplic.IRIS.FAD.AccountsPayable.ReviewAPEntries" name="Create manual payment and delete unposted payment"/><testcase classname="org.icrc.fadapplic.IRIS.FAD.AccountsPayable.ReviewAPEntries" name="Clear employee field for GL distribution and voucher entries"/><testcase classname="org.icrc.fadapplic.IRIS.FAD.AccountsPayable.ReviewAPEntries" name="Reversal of unposted PO redistribution"/><testcase classname="org.icrc.fadapplic.IRIS.FAD.AccountsPayable.ReviewAPEntries" name="Create voucher entry and edit"/><testcase classname="org.icrc.fadapplic.IRIS.FAD.AccountsPayable.ReviewAPEntries" name="Edit AP entries"/><testcase classname="org.icrc.fadapplic.IRIS.FAD.AccountsPayable.ReviewAPEntries" name="Review voucher AP entries"/><testcase classname="org.icrc.fadapplic.IRIS.FAD.AccountsPayable.ReviewAPEntries" name="Search payment"/><testcase classname="org.icrc.fadapplic.IRIS.FAD.AccountsPayable.ReviewAPEntries" name="Reversal of unposted voucher match"><error message="no such element: Unable to locate element: {&quot;method&quot;:&quot;xpath&quot;,&quot;selector&quot;:&quot;.//button[.//span[contains(text(), 'Validate')]] | .//a[contains(text(), 'Validate')] | //button//span[contains(.,'Validate')] | .//a//span[contains(.,'Validate')] | .//div//span[contains(.,'Validate')]&quot;}&#10;  (Session info: headless chrome=108.0.5359.125)&#10;For documentation on this error, please visit: https://www.seleniumhq.org/exceptions/no_such_element.html&#10;Build info: version: '3.141.59', revision: 'e82be7d358', time: '2018-11-14T08:17:03'&#10;System info: host: 'PCS13345', ip: '192.168.18.227', os.name: 'Windows 10', os.arch: 'amd64', os.version: '10.0', java.version: '1.8.0_291'&#10;Driver info: org.openqa.selenium.chrome.ChromeDriver&#10;Capabilities {acceptInsecureCerts: false, browserName: chrome, browserVersion: 108.0.5359.125, chrome: {chromedriverVersion: 107.0.5304.62 (1eec40d3a576..., userDataDir: C:\Users\A734509\AppData\Lo...}, goog:chromeOptions: {debuggerAddress: localhost:55765}, javascriptEnabled: true, networkConnectionEnabled: false, pageLoadStrategy: normal, platform: WINDOWS, platformName: WINDOWS, proxy: Proxy(), setWindowRect: true, strictFileInteractability: false, timeouts: {implicit: 0, pageLoad: 300000, script: 30000}, unhandledPromptBehavior: dismiss and notify, webauthn:extension:credBlob: true, webauthn:extension:largeBlob: true, webauthn:virtualAuthenticators: true}&#10;Session ID: 98eb6309cb4083e0332b198e58de0e63&#10;*** Element info: {Using=xpath, value=.//button[.//span[contains(text(), 'Validate')]] | .//a[contains(text(), 'Validate')] | //button//span[contains(.,'Validate')] | .//a//span[contains(.,'Validate')] | .//div//span[contains(.,'Validate')]}" type="org.openqa.selenium.NoSuchElementException">no such element: Unable to locate element: {"method":"xpath","selector":".//button[.//span[contains(text(), 'Validate')]] | .//a[contains(text(), 'Validate')] | //button//span[contains(.,'Validate')] | .//a//span[contains(.,'Validate')] | .//div//span[contains(.,'Validate')]"}
  (Session info: headless chrome=108.0.5359.125)
For documentation on this error, please visit: https://www.seleniumhq.org/exceptions/no_such_element.html
Build info: version: '3.141.59', revision: 'e82be7d358', time: '2018-11-14T08:17:03'
System info: host: 'PCS13345', ip: '192.168.18.227', os.name: 'Windows 10', os.arch: 'amd64', os.version: '10.0', java.version: '1.8.0_291'
Driver info: org.openqa.selenium.chrome.ChromeDriver
Capabilities {acceptInsecureCerts: false, browserName: chrome, browserVersion: 108.0.5359.125, chrome: {chromedriverVersion: 107.0.5304.62 (1eec40d3a576..., userDataDir: C:\Users\A734509\AppData\Lo...}, goog:chromeOptions: {debuggerAddress: localhost:55765}, javascriptEnabled: true, networkConnectionEnabled: false, pageLoadStrategy: normal, platform: WINDOWS, platformName: WINDOWS, proxy: Proxy(), setWindowRect: true, strictFileInteractability: false, timeouts: {implicit: 0, pageLoad: 300000, script: 30000}, unhandledPromptBehavior: dismiss and notify, webauthn:extension:credBlob: true, webauthn:extension:largeBlob: true, webauthn:virtualAuthenticators: true}
Session ID: 98eb6309cb4083e0332b198e58de0e63
*** Element info: {Using=xpath, value=.//button[.//span[contains(text(), 'Validate')]] | .//a[contains(text(), 'Validate')] | //button//span[contains(.,'Validate')] | .//a//span[contains(.,'Validate')] | .//div//span[contains(.,'Validate')]}</error><system-err>no such element: Unable to locate element: {"method":"xpath","selector":".//button[.//span[contains(text(), 'Validate')]] | .//a[contains(text(), 'Validate')] | //button//span[contains(.,'Validate')] | .//a//span[contains(.,'Validate')] | .//div//span[contains(.,'Validate')]"}
  (Session info: headless chrome=108.0.5359.125)
For documentation on this error, please visit: https://www.seleniumhq.org/exceptions/no_such_element.html
Build info: version: '3.141.59', revision: 'e82be7d358', time: '2018-11-14T08:17:03'
System info: host: 'PCS13345', ip: '192.168.18.227', os.name: 'Windows 10', os.arch: 'amd64', os.version: '10.0', java.version: '1.8.0_291'
Driver info: org.openqa.selenium.chrome.ChromeDriver
Capabilities {acceptInsecureCerts: false, browserName: chrome, browserVersion: 108.0.5359.125, chrome: {chromedriverVersion: 107.0.5304.62 (1eec40d3a576..., userDataDir: C:\Users\A734509\AppData\Lo...}, goog:chromeOptions: {debuggerAddress: localhost:55765}, javascriptEnabled: true, networkConnectionEnabled: false, pageLoadStrategy: normal, platform: WINDOWS, platformName: WINDOWS, proxy: Proxy(), setWindowRect: true, strictFileInteractability: false, timeouts: {implicit: 0, pageLoad: 300000, script: 30000}, unhandledPromptBehavior: dismiss and notify, webauthn:extension:credBlob: true, webauthn:extension:largeBlob: true, webauthn:virtualAuthenticators: true}
Session ID: 98eb6309cb4083e0332b198e58de0e63
*** Element info: {Using=xpath, value=.//button[.//span[contains(text(), 'Validate')]] | .//a[contains(text(), 'Validate')] | //button//span[contains(.,'Validate')] | .//a//span[contains(.,'Validate')] | .//div//span[contains(.,'Validate')]}&#13;
pageobjects.IRIS.LOG.Helpers.GenericPage.scrollIntoView(GenericPage.java:312)&#13;
pageobjects.IRIS.LOG.Helpers.GenericPage.clickElement(GenericPage.java:194)&#13;
pageobjects.IRIS.LOG.Helpers.GenericPage.clickLabeledButton(GenericPage.java:286)&#13;
pageobjects.IRIS.FAD.VoucherMatchPage.clickOnValidateBtn(VoucherMatchPage.java:98)&#13;
steps.IRIS.FAD.VoucherMatchSteps.when_I_click_on_Validate_button(VoucherMatchSteps.java:109)&#13;
org.icrc.fadapplic.IRIS.FAD.AccountsPayable.ReviewAPEntries.reversalOfUnpostedVoucherMatch(ReviewAPEntries.java:757)&#13;
</system-err></testcase><testcase classname="org.icrc.fadapplic.IRIS.FAD.AccountsPayable.ReviewAPEntries" name="Check edit button for voucher entry and redistribute GL"/><testcase classname="org.icrc.fadapplic.IRIS.FAD.AccountsPayable.ReviewAPEntries" name="Print payment form"/><testcase classname="org.icrc.fadapplic.IRIS.FAD.AccountsPayable.ReviewAPEntries" name="Edit voucher entry line account number"/><testcase classname="org.icrc.fadapplic.IRIS.FAD.AccountsPayable.ReviewAPEntries" name="Payment information"/><testcase classname="org.icrc.fadapplic.IRIS.FAD.AccountsPayable.ReviewAPEntries" name="Delete voucher AP entry"><error message="Expected condition failed: waiting for number of elements found by By.cssSelector: .loading-container to be less than &quot;1&quot;. Current number: &quot;1&quot; (tried for 300 second(s) with 100 milliseconds interval)&#10;Build info: version: '3.141.59', revision: 'e82be7d358', time: '2018-11-14T08:17:03'&#10;System info: host: 'PCS13345', ip: '192.168.18.227', os.name: 'Windows 10', os.arch: 'amd64', os.version: '10.0', java.version: '1.8.0_291'&#10;Driver info: net.thucydides.core.webdriver.WebDriverFacade" type="org.openqa.selenium.TimeoutException">Expected condition failed: waiting for number of elements found by By.cssSelector: .loading-container to be less than "1". Current number: "1" (tried for 300 second(s) with 100 milliseconds interval)
Build info: version: '3.141.59', revision: 'e82be7d358', time: '2018-11-14T08:17:03'
System info: host: 'PCS13345', ip: '192.168.18.227', os.name: 'Windows 10', os.arch: 'amd64', os.version: '10.0', java.version: '1.8.0_291'
Driver info: net.thucydides.core.webdriver.WebDriverFacade</error><system-err>Expected condition failed: waiting for number of elements found by By.cssSelector: .loading-container to be less than "1". Current number: "1" (tried for 300 second(s) with 100 milliseconds interval)
Build info: version: '3.141.59', revision: 'e82be7d358', time: '2018-11-14T08:17:03'
System info: host: 'PCS13345', ip: '192.168.18.227', os.name: 'Windows 10', os.arch: 'amd64', os.version: '10.0', java.version: '1.8.0_291'
Driver info: net.thucydides.core.webdriver.WebDriverFacade&#13;
utils.ExplicitWait.explicitlyWaitForAbsenceOfElement(ExplicitWait.java:46)&#13;
pageobjects.IRIS.FAD.FADGenericPage.waitForMainLoadingSpinnerToDisapper(FADGenericPage.java:460)&#13;
steps.IRIS.FAD.VoucherEntrySteps.when_I_click_on_Save_button(VoucherEntrySteps.java:183)&#13;
org.icrc.fadapplic.IRIS.FAD.AccountsPayable.ReviewAPEntries.deleteVoucherAPEntry(ReviewAPEntries.java:1602)&#13;
</system-err></testcase><testcase classname="org.icrc.fadapplic.IRIS.FAD.AccountsPayable.ReviewAPEntries" name="Create voucher entry and test filter selection"/><testcase classname="org.icrc.fadapplic.IRIS.FAD.AccountsPayable.ReviewAPEntries" name="Create voucher entry review and delete"/></testsuite>